200 0.0005438327789306641
400 0.0011403560638427734
600 0.001730203628540039
800 0.002729177474975586
1000 0.002917051315307617
1200 0.003607511520385742
1400 0.004330158233642578
1600 0.0050275325775146484
1800 0.005753993988037109
2000 0.00649571418762207
2200 0.007300138473510742
2400 0.008121967315673828
2600 0.008943557739257812
2800 0.009710073471069336
3000 0.01121664047241211
3200 0.011893510818481445
3400 0.01241922378540039
3600 0.013253927230834961
3800 0.014101266860961914
4000 0.014823436737060547
